<?xml version="1.0" encoding="UTF-8"?>
<!-- Generated by org.testng.reporters.JUnitXMLReporter -->
<testsuite hostname="SHIV" ignored="2" name="Default test(failed)" tests="1" failures="1" timestamp="08 May 2017 16:17:07 GMT" time="91.69" errors="0">
  <testcase name="myAccountLinks" time="34.006" classname="BVTTestCases.HomePageTestCases">
    <failure type="java.lang.IndexOutOfBoundsException" message="Index: 1, Size: 0">
      <![CDATA[java.lang.IndexOutOfBoundsException: Index: 1, Size: 0
	at java.util.ArrayList.rangeCheck(Unknown Source)
	at java.util.ArrayList.get(Unknown Source)
	at org.openqa.selenium.support.pagefactory.internal.LocatingElementListHandler.invoke(LocatingElementListHandler.java:39)
	at com.sun.proxy.$Proxy7.get(Unknown Source)
	at SeleniumGenric.DriverFunctionUtils.clickOnAllLinks(DriverFunctionUtils.java:71)
	at GobolPages.PMyAccount.fn_clickOnAllLeftPanelLinks(PMyAccount.java:48)
	at BVTTestCases.HomePageTestCases.myAccountLinks(HomePageTestCases.java:46)
... Removed 29 stack frames]]>
    </failure>
  </testcase> <!-- myAccountLinks -->
  <testcase name="loginUser" time="0.0" classname="BVTTestCases.HomePageTestCases">
    <ignored/>
  </testcase> <!-- loginUser -->
  <testcase name="trackOrder" time="0.0" classname="BVTTestCases.HomePageTestCases">
    <ignored/>
  </testcase> <!-- trackOrder -->
</testsuite> <!-- Default test(failed) -->
