<?xml version="1.0" encoding="UTF-8"?>
<!-- Generated by org.testng.reporters.JUnitXMLReporter -->
<testsuite hostname="SHIV" ignored="2" name="Default test" tests="1" failures="0" timestamp="05 Aug 2017 13:01:29 GMT" time="25.594" errors="0">
  <testcase name="myAccountLinksText" time="11.414" classname="BVTTestCases.HomePageTestCases"/>
  <testcase name="loginUser" time="0.0" classname="BVTTestCases.HomePageTestCases">
    <ignored/>
  </testcase> <!-- loginUser -->
  <testcase name="trackOrder" time="0.0" classname="BVTTestCases.HomePageTestCases">
    <ignored/>
  </testcase> <!-- trackOrder -->
</testsuite> <!-- Default test -->
