<?xml version="1.0" encoding="UTF-8"?>
<testng-results skipped="0" failed="0" ignored="0" total="1" passed="1">
  <reporter-output>
  </reporter-output>
  <suite name="Default suite" duration-ms="55502" started-at="2017-05-22T17:45:59Z" finished-at="2017-05-22T17:46:54Z">
    <groups>
    </groups>
    <test name="Default test" duration-ms="55502" started-at="2017-05-22T17:45:59Z" finished-at="2017-05-22T17:46:54Z">
      <class name="BVTTestCases.MyAccountPageTestCase">
        <test-method status="PASS" signature="launchApp()[pri:0, instance:BVTTestCases.MyAccountPageTestCase@5383967b]" name="launchApp" is-config="true" duration-ms="27362" started-at="2017-05-22T23:15:59Z" finished-at="2017-05-22T23:16:26Z">
          <reporter-output>
          </reporter-output>
        </test-method> <!-- launchApp -->
        <test-method status="PASS" signature="changePassword()[pri:0, instance:BVTTestCases.MyAccountPageTestCase@5383967b]" name="changePassword" duration-ms="28106" started-at="2017-05-22T23:16:26Z" finished-at="2017-05-22T23:16:54Z">
          <reporter-output>
          </reporter-output>
        </test-method> <!-- changePassword -->
      </class> <!-- BVTTestCases.MyAccountPageTestCase -->
    </test> <!-- Default test -->
  </suite> <!-- Default suite -->
</testng-results>
